# CHausen
Nachfrage in Q_11 zu t=1,00
Nachfrage in Q_11 zu t=1,99
Nachfrage in Q_11 zu t=2,98
Nachfrage in Q_11 zu t=3,96
Nachfrage in Q_11 zu t=4,94
Nachfrage in Q_11 zu t=5,91
Nachfrage in Q_11 zu t=6,88
Nachfrage in Q_11 zu t=7,85
Nachfrage in Q_11 zu t=8,81
Nachfrage in Q_11 zu t=9,76
Nachfrage in Q_11 zu t=10,71
Nachfrage in Q_11 zu t=11,66
Nachfrage in Q_11 zu t=12,60
Nachfrage in Q_11 zu t=13,54
Nachfrage in Q_11 zu t=14,48
Nachfrage in Q_11 zu t=15,41
Nachfrage in Q_11 zu t=16,33
Nachfrage in Q_11 zu t=17,26
Nachfrage in Q_11 zu t=18,17
Nachfrage in Q_11 zu t=19,09
Abstellung in Q_11 zu t=20,00
Nachfrage in Q_11 zu t=20,00
Nachfrage in Q_11 zu t=20,91
Nachfrage in Q_11 zu t=21,81
Nachfrage in Q_11 zu t=22,71
Nachfrage in Q_11 zu t=23,61
Endzustand des Tages:
24 
Maximaler Bedarf:
24 
