# AHausen
Abstellung in Q_11 zu t=2,30
Nachfrage in Q_11 zu t=3,76
Abstellung in Q_11 zu t=4,60
Nachfrage in Q_11 zu t=5,87
Abstellung in Q_11 zu t=6,90
Nachfrage in Q_11 zu t=7,86
Abstellung in Q_11 zu t=9,20
Nachfrage in Q_11 zu t=9,89
Abstellung in Q_11 zu t=11,50
Nachfrage in Q_11 zu t=11,96
Abstellung in Q_11 zu t=13,80
Nachfrage in Q_11 zu t=14,03
Nachfrage in Q_11 zu t=16,06
Abstellung in Q_11 zu t=16,10
Nachfrage in Q_11 zu t=18,06
Abstellung in Q_11 zu t=18,40
Nachfrage in Q_11 zu t=20,17
Abstellung in Q_11 zu t=20,70
Abstellung in Q_11 zu t=23,00
Nachfrage in Q_11 zu t=23,43
Endzustand des Tages:
0 
Maximaler Bedarf:
1 
