# BStadt
Nachfrage in Q_12 zu t=4,80
Abstellung in Q_21 zu t=7,00
Abstellung in Q_12 zu t=7,22
Nachfrage in Q_21 zu t=8,93
Nachfrage in Q_12 zu t=9,60
Abstellung in Q_12 zu t=10,94
Abstellung in Q_21 zu t=14,00
Nachfrage in Q_21 zu t=14,02
Nachfrage in Q_12 zu t=14,40
Abstellung in Q_12 zu t=14,45
Abstellung in Q_22 zu t=17,00
Abstellung in Q_12 zu t=18,53
Nachfrage in Q_12 zu t=19,20
Nachfrage in Q_21 zu t=20,35
Abstellung in Q_21 zu t=21,00
Nachfrage in Q_12 zu t=24,00
Endzustand des Tages:
0 1 
0 -1 
Maximaler Bedarf:
0 1 
1 0 
