# AHausen
Nachfrage in Q_12 zu t=4,8
Abstellung in Q_21 zu t=7
Abstellung in Q_12 zu t=7,22
Nachfrage in Q_21 zu t=8,73
Nachfrage in Q_12 zu t=9,6
Abstellung in Q_12 zu t=10,94
Nachfrage in Q_21 zu t=13,55
Abstellung in Q_21 zu t=14
Nachfrage in Q_12 zu t=14,4
Abstellung in Q_12 zu t=14,45
Abstellung in Q_22 zu t=17
Abstellung in Q_12 zu t=18,53
Nachfrage in Q_21 zu t=18,86
Nachfrage in Q_12 zu t=19,2
Abstellung in Q_21 zu t=21
Nachfrage in Q_12 zu t=24
# Endzustand des Tages:
0 1 
0 -1 
# Maximaler Bedarf:
0 1 
1 0 
